d:\code\radialxassistant\radialxassistant\debug\vc141.pdb
d:\code\radialxassistant\radialxassistant\debug\myform.obj
d:\code\radialxassistant\radialxassistant\debug\importecl.obj
d:\code\radialxassistant\radialxassistant\debug\foundationclasses.obj
d:\code\radialxassistant\radialxassistant\debug\.netframework,version=v4.5.2.assemblyattributes.obj
d:\code\radialxassistant\radialxassistant\debug\.netframework,version=v4.5.2.assemblyattributes.asm
d:\code\radialxassistant\radialxassistant\debug\radialxassistant.myform.resources
d:\code\radialxassistant\debug\radialxassistant.exe
d:\code\radialxassistant\debug\radialxassistant.pdb
d:\code\radialxassistant\radialxassistant\debug\radialxassistant.vcxproj.generateresource.cache
d:\code\radialxassistant\radialxassistant\debug\radialxassistant.vcxprojresolveassemblyreference.cache
d:\code\radialxassistant\radialxassistant\debug\radialxassistant.tlog\metagen.write.1.tlog
d:\code\radialxassistant\radialxassistant\debug\radialxassistant.tlog\cl.read.1.tlog
d:\code\radialxassistant\radialxassistant\debug\radialxassistant.tlog\cl.write.1.tlog
d:\code\radialxassistant\radialxassistant\debug\radialxassistant.tlog\cl.command.1.tlog
d:\code\radialxassistant\radialxassistant\debug\radialxassistant.tlog\metagen.read.1.tlog
d:\code\radialxassistant\radialxassistant\debug\radialxassistant.tlog\radialxassistant.write.1u.tlog
d:\code\radialxassistant\radialxassistant\debug\radialxassistant.tlog\link.read.1.tlog
d:\code\radialxassistant\radialxassistant\debug\radialxassistant.tlog\link.write.1.tlog
d:\code\radialxassistant\radialxassistant\debug\radialxassistant.tlog\link.command.1.tlog
d:\code\radialxassistant\radialxassistant\debug\radialxassistant.tlog\rsaenh.dll.bi
d:\code\radialxassistant\radialxassistant\debug\radialxassistant.tlog\tzres.dll.bi
